<?xml version="1.0" encoding="UTF-8"?>
<!-- Generated by org.testng.reporters.JUnitReportReporter -->
<testsuite skipped="0" hostname="Dizerc" name="MainTestcase.AppTest" tests="1" failures="0" timestamp="28 Dec 2018 06:17:36 GMT" time="36.315" errors="0">
  <testcase name="Test1" time="36.315" classname="MainTestcase.AppTest"/>
</testsuite> <!-- MainTestcase.AppTest -->
