<?xml version="1.0" encoding="UTF-8"?>
<!-- Generated by org.testng.reporters.JUnitReportReporter -->
<testsuite skipped="0" hostname="Dizerc" name="MainTestcase.AppTest" tests="1" failures="0" timestamp="28 Dec 2018 06:46:54 GMT" time="40.385" errors="0">
  <testcase name="Test1" time="40.385" classname="MainTestcase.AppTest"/>
</testsuite> <!-- MainTestcase.AppTest -->
